  source.cpp
D:\Other\C++Works\курсач\КУРСАЧ\source.cpp(63,15): error C2872: beta: неоднозначный символ
D:\Other\C++Works\курсач\КУРСАЧ\source.cpp(21,8): message : может быть "double beta"
C:\Program Files (x86)\Microsoft Visual Studio\2019\Professional\VC\Tools\MSVC\14.29.30133\include\cmath(982,26): message : или       "double std::beta(const double,const double)"
D:\Other\C++Works\курсач\КУРСАЧ\source.cpp(64,16): error C2872: beta: неоднозначный символ
D:\Other\C++Works\курсач\КУРСАЧ\source.cpp(21,8): message : может быть "double beta"
C:\Program Files (x86)\Microsoft Visual Studio\2019\Professional\VC\Tools\MSVC\14.29.30133\include\cmath(982,26): message : или       "double std::beta(const double,const double)"
D:\Other\C++Works\курсач\КУРСАЧ\source.cpp(68,19): error C2872: beta: неоднозначный символ
D:\Other\C++Works\курсач\КУРСАЧ\source.cpp(21,8): message : может быть "double beta"
C:\Program Files (x86)\Microsoft Visual Studio\2019\Professional\VC\Tools\MSVC\14.29.30133\include\cmath(982,26): message : или       "double std::beta(const double,const double)"
D:\Other\C++Works\курсач\КУРСАЧ\source.cpp(69,19): error C2872: beta: неоднозначный символ
D:\Other\C++Works\курсач\КУРСАЧ\source.cpp(21,8): message : может быть "double beta"
C:\Program Files (x86)\Microsoft Visual Studio\2019\Professional\VC\Tools\MSVC\14.29.30133\include\cmath(982,26): message : или       "double std::beta(const double,const double)"
D:\Other\C++Works\курсач\КУРСАЧ\source.cpp(82,3): warning C4551: в вызове функции отсутствует список аргументов
D:\Other\C++Works\курсач\КУРСАЧ\source.cpp(88,3): warning C4551: в вызове функции отсутствует список аргументов
D:\Other\C++Works\курсач\КУРСАЧ\source.cpp(98,21): warning C4267: =: преобразование из "size_t" в "int"; возможна потеря данных
D:\Other\C++Works\курсач\КУРСАЧ\source.cpp(103,3): warning C4551: в вызове функции отсутствует список аргументов
D:\Other\C++Works\курсач\КУРСАЧ\source.cpp(109,3): warning C4551: в вызове функции отсутствует список аргументов
D:\Other\C++Works\курсач\КУРСАЧ\source.cpp(114,3): warning C4551: в вызове функции отсутствует список аргументов
D:\Other\C++Works\курсач\КУРСАЧ\source.cpp(120,3): warning C4551: в вызове функции отсутствует список аргументов
D:\Other\C++Works\курсач\КУРСАЧ\source.cpp(125,3): warning C4551: в вызове функции отсутствует список аргументов
